2022-03-09 19:18:39,655 - INFO - client               Адрес для соединения - 127.0.0.1, порт - 7777
2022-03-09 19:18:39,656 - INFO - utils                Функция presence_msg выполнена успешно.
2022-03-09 19:18:39,657 - INFO - utils                Функция process_response выполнена успешно.
2022-03-09 19:20:36,967 - INFO - client               Адрес для соединения - 127.0.0.1, порт - 7777
2022-03-09 19:20:36,968 - INFO - utils                Функция presence_msg выполнена успешно.
2022-03-09 19:20:36,969 - INFO - utils                Функция process_response выполнена успешно.
2022-03-10 16:46:59,382 - INFO - client               Адрес для соединения - 127.0.0.1, порт - 7777
2022-03-10 16:46:59,383 - DEBUG - client               Была вызвана функция presence_msg c параметрами (), {}. Вызов из модуля __main__.
2022-03-10 16:46:59,384 - DEBUG - client               Была вызвана функция process_response c параметрами ({'response': 200, 'time': 1646920019.3834963},), {}. Вызов из модуля __main__.
2022-03-10 16:48:45,425 - INFO - client               Адрес для соединения - 127.0.0.1, порт - 7777
2022-03-10 16:48:45,426 - DEBUG - client               Была вызвана функция presence_msg c параметрами (), {}. 
2022-03-10 16:48:45,427 - DEBUG - client               Была вызвана функция process_response c параметрами ({'response': 200, 'time': 1646920125.4273803},), {}. 
2022-03-10 16:50:25,709 - INFO - client               Адрес для соединения - 127.0.0.1, порт - 7777
2022-03-10 16:50:25,710 - DEBUG - client               Была вызвана функция presence_msg c параметрами (), {}. 
2022-03-10 16:50:25,710 - DEBUG - client               Была вызвана функция process_response c параметрами ({'response': 200, 'time': 1646920225.7105029},), {}. 
2022-03-25 15:21:32,026 - DEBUG - client               Была вызвана функция create_message c параметрами (), {}. 
2022-03-25 15:21:34,041 - DEBUG - client               Была вызвана функция create_message c параметрами (), {}. 
2022-03-25 15:21:58,574 - DEBUG - client               Была вызвана функция create_message c параметрами (), {}. 
2022-03-25 15:21:58,576 - DEBUG - client               Была вызвана функция create_message c параметрами (), {}. 
2022-03-25 15:22:08,619 - DEBUG - client               Была вызвана функция create_message c параметрами (), {}. 
2022-03-25 15:22:16,048 - DEBUG - client               Была вызвана функция create_message c параметрами (), {}. 
2022-03-25 15:23:15,257 - DEBUG - client               Была вызвана функция create_message c параметрами (), {}. 
2022-03-25 15:23:15,265 - DEBUG - client               Была вызвана функция create_message c параметрами (), {}. 
2022-03-25 15:26:59,170 - DEBUG - client               Была вызвана функция create_message c параметрами (), {}. 
2022-03-25 15:27:00,741 - DEBUG - client               Была вызвана функция create_message c параметрами (), {}. 
2022-03-25 15:27:29,764 - ERROR - client               Функция create_message с параметрами (), {} выполнена с ошибкой.
2022-03-25 15:34:49,413 - DEBUG - client               Была вызвана функция presence_msg c параметрами (), {}. 
2022-03-25 15:35:31,245 - DEBUG - client               Была вызвана функция process_message_from_server c параметрами ({'action': 'presence', 'time': 1648211689.413692, 'type': 'status', 'user': {'account_name': 'Sergei', 'status': 'Doing my homework!'}},), {}. 
2022-03-25 15:36:47,037 - DEBUG - client               Была вызвана функция presence_msg c параметрами (), {}. 
2022-03-25 15:36:47,037 - DEBUG - client               Была вызвана функция process_response c параметрами (), {}. 
2022-03-25 15:36:47,037 - ERROR - client               Функция process_response с параметрами (), {} выполнена с ошибкой.
2022-03-25 15:36:47,044 - DEBUG - client               Была вызвана функция presence_msg c параметрами (), {}. 
2022-03-25 15:36:47,045 - DEBUG - client               Была вызвана функция process_response c параметрами (), {}. 
2022-03-25 15:36:47,045 - ERROR - client               Функция process_response с параметрами (), {} выполнена с ошибкой.
2022-03-25 15:36:47,056 - DEBUG - client               Была вызвана функция presence_msg c параметрами (), {}. 
2022-03-25 15:36:47,057 - DEBUG - client               Была вызвана функция process_response c параметрами (), {}. 
2022-03-25 15:36:47,057 - ERROR - client               Функция process_response с параметрами (), {} выполнена с ошибкой.
2022-03-25 15:36:47,058 - DEBUG - client               Была вызвана функция presence_msg c параметрами (), {}. 
2022-03-25 15:36:47,058 - DEBUG - client               Была вызвана функция process_response c параметрами (), {}. 
2022-03-25 15:36:47,058 - ERROR - client               Функция process_response с параметрами (), {} выполнена с ошибкой.
2022-03-25 15:36:47,064 - DEBUG - client               Была вызвана функция presence_msg c параметрами (), {}. 
2022-03-25 15:36:47,064 - DEBUG - client               Была вызвана функция process_response c параметрами (), {}. 
2022-03-25 15:36:47,064 - ERROR - client               Функция process_response с параметрами (), {} выполнена с ошибкой.
2022-03-25 15:37:16,483 - DEBUG - client               Была вызвана функция presence_msg c параметрами (), {}. 
2022-03-25 15:37:16,483 - DEBUG - client               Была вызвана функция process_response c параметрами (), {}. 
2022-03-25 15:37:16,483 - ERROR - client               Функция process_response с параметрами (), {} выполнена с ошибкой.
2022-03-25 15:38:51,836 - DEBUG - client               Была вызвана функция presence_msg c параметрами (), {}. 
2022-03-25 15:38:51,848 - DEBUG - client               Была вызвана функция presence_msg c параметрами (), {}. 
2022-03-25 15:38:51,849 - DEBUG - client               Была вызвана функция process_response c параметрами ({'action': 'presence', 'time': 1648211931.8362508, 'type': 'status', 'user': {'account_name': 'Sergei', 'status': 'Doing my homework!'}},), {}. 
2022-03-25 15:38:51,849 - ERROR - client               Функция process_response с параметрами ({'action': 'presence', 'time': 1648211931.8362508, 'type': 'status', 'user': {'account_name': 'Sergei', 'status': 'Doing my homework!'}},), {} выполнена с ошибкой.
2022-03-25 15:38:51,850 - DEBUG - client               Была вызвана функция presence_msg c параметрами (), {}. 
2022-03-25 15:38:51,851 - DEBUG - client               Была вызвана функция process_response c параметрами ({'action': 'presence', 'time': 1648211931.8482518, 'type': 'status', 'user': {'account_name': 'Sergei', 'status': 'Doing my homework!'}},), {}. 
2022-03-25 15:38:51,851 - ERROR - client               Функция process_response с параметрами ({'action': 'presence', 'time': 1648211931.8482518, 'type': 'status', 'user': {'account_name': 'Sergei', 'status': 'Doing my homework!'}},), {} выполнена с ошибкой.
2022-03-25 15:38:51,858 - DEBUG - client               Была вызвана функция presence_msg c параметрами (), {}. 
2022-03-25 15:38:51,858 - DEBUG - client               Была вызвана функция process_response c параметрами ({'action': 'presence', 'time': 1648211931.8512526, 'type': 'status', 'user': {'account_name': 'Sergei', 'status': 'Doing my homework!'}},), {}. 
2022-03-25 15:38:51,858 - ERROR - client               Функция process_response с параметрами ({'action': 'presence', 'time': 1648211931.8512526, 'type': 'status', 'user': {'account_name': 'Sergei', 'status': 'Doing my homework!'}},), {} выполнена с ошибкой.
2022-03-25 15:38:51,871 - DEBUG - client               Была вызвана функция presence_msg c параметрами (), {}. 
2022-03-25 15:38:51,872 - DEBUG - client               Была вызвана функция process_response c параметрами ({'action': 'presence', 'time': 1648211931.871257, 'type': 'status', 'user': {'account_name': 'Sergei', 'status': 'Doing my homework!'}},), {}. 
2022-03-25 15:38:51,872 - DEBUG - client               Была вызвана функция process_response c параметрами ({'action': 'presence', 'time': 1648211931.8582551, 'type': 'status', 'user': {'account_name': 'Sergei', 'status': 'Doing my homework!'}},), {}. 
2022-03-25 15:38:51,872 - ERROR - client               Функция process_response с параметрами ({'action': 'presence', 'time': 1648211931.871257, 'type': 'status', 'user': {'account_name': 'Sergei', 'status': 'Doing my homework!'}},), {} выполнена с ошибкой.
2022-03-25 15:38:51,872 - ERROR - client               Функция process_response с параметрами ({'action': 'presence', 'time': 1648211931.8582551, 'type': 'status', 'user': {'account_name': 'Sergei', 'status': 'Doing my homework!'}},), {} выполнена с ошибкой.
2022-03-25 15:39:06,785 - DEBUG - client               Была вызвана функция presence_msg c параметрами (), {}. 
2022-03-25 15:39:06,786 - DEBUG - client               Была вызвана функция process_response c параметрами ({'action': 'presence', 'time': 1648211946.786287, 'type': 'status', 'user': {'account_name': 'Sergei', 'status': 'Doing my homework!'}},), {}. 
2022-03-25 15:39:06,786 - ERROR - client               Функция process_response с параметрами ({'action': 'presence', 'time': 1648211946.786287, 'type': 'status', 'user': {'account_name': 'Sergei', 'status': 'Doing my homework!'}},), {} выполнена с ошибкой.
2022-03-25 15:40:51,336 - DEBUG - client               Была вызвана функция presence_msg c параметрами (), {}. 
2022-03-25 15:40:59,912 - DEBUG - client               Была вызвана функция presence_msg c параметрами (), {}. 
2022-03-25 15:40:59,913 - DEBUG - client               Была вызвана функция process_response c параметрами ({'action': 'presence', 'time': 1648212059.913404, 'type': 'status', 'user': {'account_name': 'Sergei', 'status': 'Doing my homework!'}},), {}. 
2022-03-25 15:40:59,913 - ERROR - client               Функция process_response с параметрами ({'action': 'presence', 'time': 1648212059.913404, 'type': 'status', 'user': {'account_name': 'Sergei', 'status': 'Doing my homework!'}},), {} выполнена с ошибкой.
2022-03-25 15:40:59,913 - DEBUG - client               Была вызвана функция process_response c параметрами ({'action': 'presence', 'time': 1648212051.3369815, 'type': 'status', 'user': {'account_name': 'Sergei', 'status': 'Doing my homework!'}},), {}. 
2022-03-25 15:40:59,913 - ERROR - client               Функция process_response с параметрами ({'action': 'presence', 'time': 1648212051.3369815, 'type': 'status', 'user': {'account_name': 'Sergei', 'status': 'Doing my homework!'}},), {} выполнена с ошибкой.
2022-03-25 15:41:25,497 - DEBUG - client               Была вызвана функция presence_msg c параметрами (), {}. 
2022-03-25 15:41:25,497 - DEBUG - client               Была вызвана функция process_response c параметрами ({'action': 'presence', 'time': 1648212085.4971812, 'type': 'status', 'user': {'account_name': 'Sergei', 'status': 'Doing my homework!'}},), {}. 
2022-03-25 15:41:25,497 - ERROR - client               Функция process_response с параметрами ({'action': 'presence', 'time': 1648212085.4971812, 'type': 'status', 'user': {'account_name': 'Sergei', 'status': 'Doing my homework!'}},), {} выполнена с ошибкой.
2022-03-25 15:42:50,819 - DEBUG - client               Была вызвана функция presence_msg c параметрами (), {}. 
2022-03-25 15:43:26,465 - DEBUG - client               Была вызвана функция process_response c параметрами ({'response': 200},), {}. 
2022-03-25 15:43:59,862 - DEBUG - client               Была вызвана функция presence_msg c параметрами (), {}. 
2022-03-25 15:44:22,237 - DEBUG - client               Была вызвана функция process_response c параметрами ({'response': 200},), {}. 
2022-03-25 15:44:30,907 - DEBUG - client               Была вызвана функция presence_msg c параметрами (), {}. 
2022-03-25 15:44:39,752 - DEBUG - client               Была вызвана функция process_response c параметрами ({'response': 200},), {}. 
2022-03-25 15:44:56,656 - DEBUG - client               Была вызвана функция presence_msg c параметрами (), {}. 
2022-03-25 15:45:28,319 - DEBUG - client               Была вызвана функция process_response c параметрами ({'response': 200},), {}. 
2022-03-25 15:45:28,319 - DEBUG - client               Была вызвана функция create_message c параметрами (), {}. 
2022-03-25 15:45:34,085 - DEBUG - client               Была вызвана функция create_message c параметрами (), {}. 
2022-03-25 15:45:45,951 - DEBUG - client               Была вызвана функция create_message c параметрами (), {}. 
2022-03-25 15:46:41,473 - DEBUG - client               Была вызвана функция presence_msg c параметрами (), {}. 
2022-03-25 15:46:41,494 - DEBUG - client               Была вызвана функция presence_msg c параметрами (), {}. 
2022-03-25 15:46:41,494 - DEBUG - client               Была вызвана функция process_response c параметрами ({'response': 200},), {}. 
2022-03-25 15:46:41,494 - DEBUG - client               Была вызвана функция create_message c параметрами (), {}. 
2022-03-25 15:46:41,503 - DEBUG - client               Была вызвана функция presence_msg c параметрами (), {}. 
2022-03-25 15:46:41,503 - DEBUG - client               Была вызвана функция process_response c параметрами ({'response': 200},), {}. 
2022-03-25 15:46:41,504 - DEBUG - client               Была вызвана функция create_message c параметрами (), {}. 
2022-03-25 15:46:41,507 - DEBUG - client               Была вызвана функция presence_msg c параметрами (), {}. 
2022-03-25 15:46:41,507 - DEBUG - client               Была вызвана функция presence_msg c параметрами (), {}. 
2022-03-25 15:46:41,507 - DEBUG - client               Была вызвана функция process_response c параметрами ({'response': 200},), {}. 
2022-03-25 15:46:41,507 - DEBUG - client               Была вызвана функция process_response c параметрами ({'response': 200},), {}. 
2022-03-25 15:46:41,507 - DEBUG - client               Была вызвана функция process_response c параметрами ({'response': 200},), {}. 
2022-03-25 15:46:46,164 - DEBUG - client               Была вызвана функция create_message c параметрами (), {}. 
2022-03-25 15:48:27,676 - DEBUG - client               Была вызвана функция presence_msg c параметрами (), {}. 
2022-03-25 15:48:43,207 - DEBUG - client               Была вызвана функция process_response c параметрами ({'response': 200},), {}. 
2022-03-25 15:48:57,749 - DEBUG - client               Была вызвана функция presence_msg c параметрами (), {}. 
2022-03-25 15:49:23,644 - DEBUG - client               Была вызвана функция process_response c параметрами ({'response': 200},), {}. 
2022-03-25 15:49:23,644 - DEBUG - client               Была вызвана функция create_message c параметрами (), {}. 
2022-03-25 15:49:31,432 - DEBUG - client               Была вызвана функция create_message c параметрами (), {}. 
2022-03-25 15:49:38,176 - DEBUG - client               Была вызвана функция create_message c параметрами (), {}. 
2022-03-25 15:52:29,859 - DEBUG - client               Была вызвана функция presence_msg c параметрами (), {}. 
2022-03-25 15:52:41,679 - DEBUG - client               Была вызвана функция process_response c параметрами ({'response': 200},), {}. 
2022-03-25 15:53:11,114 - DEBUG - client               Была вызвана функция presence_msg c параметрами (), {}. 
2022-03-25 15:53:21,337 - DEBUG - client               Была вызвана функция process_response c параметрами ({'response': 200},), {}. 
2022-03-25 15:53:21,337 - DEBUG - client               Была вызвана функция create_message c параметрами (), {}. 
2022-03-25 15:53:26,433 - DEBUG - client               Была вызвана функция create_message c параметрами (), {}. 
2022-03-25 15:53:48,413 - DEBUG - client               Была вызвана функция process_message_from_server c параметрами ({'action': 'msg', 'time': 1648212826.2697425, 'account_name': 'Sergei', 'message_text': 'qwe'},), {}. 
2022-03-25 15:54:39,936 - DEBUG - client               Была вызвана функция presence_msg c параметрами (), {}. 
2022-03-25 15:54:39,962 - DEBUG - client               Была вызвана функция presence_msg c параметрами (), {}. 
2022-03-25 15:54:39,963 - DEBUG - client               Была вызвана функция process_response c параметрами ({'response': 200},), {}. 
2022-03-25 15:54:39,963 - DEBUG - client               Была вызвана функция create_message c параметрами (), {}. 
2022-03-25 15:54:39,963 - DEBUG - client               Была вызвана функция process_response c параметрами ({'response': 200},), {}. 
2022-03-25 15:54:39,964 - DEBUG - client               Была вызвана функция presence_msg c параметрами (), {}. 
2022-03-25 15:54:39,965 - DEBUG - client               Была вызвана функция presence_msg c параметрами (), {}. 
2022-03-25 15:54:39,965 - DEBUG - client               Была вызвана функция presence_msg c параметрами (), {}. 
2022-03-25 15:54:39,966 - DEBUG - client               Была вызвана функция process_response c параметрами ({'response': 200},), {}. 
2022-03-25 15:54:39,966 - DEBUG - client               Была вызвана функция process_response c параметрами ({'response': 200},), {}. 
2022-03-25 15:54:39,966 - DEBUG - client               Была вызвана функция create_message c параметрами (), {}. 
2022-03-25 15:54:39,966 - DEBUG - client               Была вызвана функция process_response c параметрами ({'response': 200},), {}. 
2022-03-25 15:54:43,329 - DEBUG - client               Была вызвана функция create_message c параметрами (), {}. 
2022-03-25 15:54:43,521 - DEBUG - client               Была вызвана функция process_message_from_server c параметрами ({'action': 'msg', 'time': 1648212883.5218897, 'account_name': 'Sergei', 'message_text': 'eqweqeq'},), {}. 
2022-03-25 15:54:43,521 - DEBUG - client               Была вызвана функция process_message_from_server c параметрами ({'action': 'msg', 'time': 1648212883.5218897, 'account_name': 'Sergei', 'message_text': 'eqweqeq'},), {}. 
2022-03-25 15:54:43,521 - DEBUG - client               Была вызвана функция process_message_from_server c параметрами ({'action': 'msg', 'time': 1648212883.5218897, 'account_name': 'Sergei', 'message_text': 'eqweqeq'},), {}. 
2022-03-25 22:55:30,592 - DEBUG - client               Была вызвана функция presence_msg c параметрами (), {}. 
2022-03-25 22:55:41,165 - DEBUG - client               Была вызвана функция process_response c параметрами ({'response': 200},), {}. 
2022-03-28 02:38:01,029 - DEBUG - client               Была вызвана функция presence_msg c параметрами (), {}. 
2022-03-28 02:38:54,549 - DEBUG - client               Была вызвана функция presence_msg c параметрами (), {}. 
2022-03-28 14:17:40,460 - DEBUG - client               Была вызвана функция presence_msg c параметрами (), {}. 
2022-03-28 14:17:40,460 - ERROR - client               Функция presence_msg с параметрами (), {} выполнена с ошибкой.
2022-03-28 14:18:12,633 - DEBUG - client               Была вызвана функция presence_msg c параметрами (), {}. 
2022-03-28 14:18:12,633 - ERROR - client               Функция presence_msg с параметрами (), {} выполнена с ошибкой.
2022-03-28 14:18:26,848 - DEBUG - client               Была вызвана функция presence_msg c параметрами (), {}. 
2022-03-28 14:18:26,848 - ERROR - client               Функция presence_msg с параметрами (), {} выполнена с ошибкой.
2022-03-28 14:19:08,024 - DEBUG - client               Была вызвана функция presence_msg c параметрами ('Sergei',), {}. 
2022-03-28 14:21:30,524 - DEBUG - client               Была вызвана функция presence_msg c параметрами ('Sergei',), {}. 
2022-03-28 14:22:17,925 - DEBUG - client               Была вызвана функция presence_msg c параметрами ('Sergei',), {}. 
2022-03-28 14:23:59,101 - DEBUG - client               Была вызвана функция presence_msg c параметрами ('Sergei',), {}. 
2022-03-28 14:38:11,382 - DEBUG - client               Была вызвана функция presence_msg c параметрами ('test1',), {}. 
2022-03-28 14:38:11,382 - DEBUG - client               Была вызвана функция create_message c параметрами (<__main__.Client object at 0x0000023B20327520>,), {}. 
2022-03-28 14:38:52,325 - DEBUG - client               Была вызвана функция presence_msg c параметрами ('test1',), {}. 
2022-03-28 14:38:52,325 - DEBUG - client               Была вызвана функция create_message c параметрами (<__main__.Client object at 0x00000243A3004700>,), {}. 
2022-03-28 14:39:18,532 - DEBUG - client               Была вызвана функция presence_msg c параметрами ('test1',), {}. 
2022-03-28 14:39:41,352 - DEBUG - client               Была вызвана функция presence_msg c параметрами ('test2',), {}. 
2022-03-28 14:39:41,352 - DEBUG - client               Была вызвана функция create_message c параметрами (<__main__.Client object at 0x000002EAA853E7F0>,), {}. 
2022-03-28 14:40:55,146 - DEBUG - client               Была вызвана функция presence_msg c параметрами ('test1',), {}. 
2022-03-28 14:41:08,136 - DEBUG - client               Была вызвана функция presence_msg c параметрами ('test2',), {}. 
2022-03-28 14:41:08,136 - DEBUG - client               Была вызвана функция create_message c параметрами (<__main__.Client object at 0x0000026D51D1E7F0>,), {}. 
2022-03-28 14:42:29,895 - DEBUG - client               Была вызвана функция presence_msg c параметрами ('test1',), {}. 
2022-03-28 14:42:36,499 - DEBUG - client               Была вызвана функция presence_msg c параметрами ('test2',), {}. 
2022-03-28 14:42:36,500 - DEBUG - client               Была вызвана функция create_message c параметрами (<__main__.Client object at 0x000001D8EE5BE7F0>,), {}. 
2022-03-28 14:43:48,583 - DEBUG - client               Была вызвана функция presence_msg c параметрами ('test1',), {}. 
2022-03-28 14:43:52,820 - DEBUG - client               Была вызвана функция presence_msg c параметрами ('test2',), {}. 
2022-03-28 14:43:52,820 - DEBUG - client               Была вызвана функция create_message c параметрами (<__main__.Client object at 0x0000018F5DDFE7F0>,), {}. 
2022-03-28 14:44:32,402 - DEBUG - client               Была вызвана функция presence_msg c параметрами ('test1',), {}. 
2022-03-28 14:44:32,402 - DEBUG - client               Была вызвана функция create_message c параметрами (<__main__.Client object at 0x000002AFEE60E7F0>,), {}. 
2022-03-28 14:46:17,984 - DEBUG - client               Была вызвана функция presence_msg c параметрами ('test',), {}. 
2022-03-28 14:46:41,765 - DEBUG - client               Была вызвана функция presence_msg c параметрами ('test1',), {}. 
2022-03-28 14:46:41,765 - DEBUG - client               Была вызвана функция create_message c параметрами (<__main__.Client object at 0x000001BA514FE7F0>,), {}. 
2022-03-28 14:47:41,670 - DEBUG - client               Была вызвана функция presence_msg c параметрами ('test',), {}. 
2022-03-28 14:47:48,146 - DEBUG - client               Была вызвана функция presence_msg c параметрами ('test1',), {}. 
2022-03-28 14:47:48,147 - DEBUG - client               Была вызвана функция create_message c параметрами (<__main__.Client object at 0x000001BF7819E7F0>,), {}. 
2022-03-28 14:49:35,673 - DEBUG - client               Была вызвана функция presence_msg c параметрами ('test',), {}. 
2022-03-28 14:49:54,776 - DEBUG - client               Была вызвана функция presence_msg c параметрами ('test1',), {}. 
2022-03-28 14:49:54,777 - DEBUG - client               Была вызвана функция create_message c параметрами (<__main__.Client object at 0x000002285ACCC940>,), {}. 
2022-03-28 14:51:33,668 - DEBUG - client               Была вызвана функция presence_msg c параметрами ('test',), {}. 
2022-03-28 14:53:16,848 - DEBUG - client               Была вызвана функция presence_msg c параметрами ('test',), {}. 
2022-03-28 14:53:25,188 - DEBUG - client               Была вызвана функция presence_msg c параметрами ('test1',), {}. 
2022-03-28 14:53:25,188 - DEBUG - client               Была вызвана функция create_message c параметрами (<__main__.Client object at 0x000001EB1876C940>,), {}. 
2022-03-28 14:54:56,332 - DEBUG - client               Была вызвана функция presence_msg c параметрами ('test2',), {}. 
2022-03-28 14:54:56,332 - DEBUG - client               Была вызвана функция create_message c параметрами (<__main__.Client object at 0x000002476CC3C940>,), {}. 
2022-03-28 14:57:16,573 - DEBUG - client               Была вызвана функция presence_msg c параметрами ('test3',), {}. 
2022-03-28 14:57:16,573 - DEBUG - client               Была вызвана функция create_message c параметрами (<__main__.Client object at 0x000002E96A89C940>,), {}. 
2022-03-28 14:59:41,144 - DEBUG - client               Была вызвана функция presence_msg c параметрами ('test',), {}. 
2022-03-28 15:00:47,358 - DEBUG - client               Была вызвана функция presence_msg c параметрами ('test',), {}. 
2022-03-28 15:01:51,747 - DEBUG - client               Была вызвана функция presence_msg c параметрами ('test',), {}. 
2022-03-28 15:04:10,959 - DEBUG - client               Была вызвана функция presence_msg c параметрами ('test',), {}. 
2022-03-28 15:05:46,835 - DEBUG - client               Была вызвана функция presence_msg c параметрами ('test',), {}. 
2022-03-28 15:06:21,388 - DEBUG - client               Была вызвана функция presence_msg c параметрами ('test',), {}. 
2022-03-28 15:09:56,280 - DEBUG - client               Была вызвана функция presence_msg c параметрами ('test',), {}. 
2022-03-28 15:12:06,787 - DEBUG - client               Была вызвана функция presence_msg c параметрами ('test',), {}. 
2022-03-28 15:15:34,640 - DEBUG - client               Была вызвана функция presence_msg c параметрами ('test3',), {}. 
2022-03-28 15:15:34,640 - DEBUG - client               Была вызвана функция create_message c параметрами (<__main__.Client object at 0x000001B546A2C940>,), {}. 
2022-03-28 15:17:20,623 - DEBUG - client               Была вызвана функция presence_msg c параметрами ('test',), {}. 
2022-03-28 15:17:41,269 - DEBUG - client               Была вызвана функция presence_msg c параметрами ('test2',), {}. 
2022-03-28 15:17:41,270 - DEBUG - client               Была вызвана функция create_message c параметрами (<__main__.Client object at 0x000001DAFCF2C940>,), {}. 
2022-03-28 15:19:30,947 - DEBUG - client               Была вызвана функция presence_msg c параметрами ('test',), {}. 
2022-03-28 15:19:32,838 - DEBUG - client               Была вызвана функция presence_msg c параметрами ('test2',), {}. 
2022-03-28 15:19:32,838 - DEBUG - client               Была вызвана функция create_message c параметрами (<__main__.Client object at 0x00000266CBBAC940>,), {}. 
2022-03-28 15:21:30,438 - DEBUG - client               Была вызвана функция presence_msg c параметрами ('test',), {}. 
2022-03-28 15:22:07,280 - DEBUG - client               Была вызвана функция presence_msg c параметрами ('test2',), {}. 
2022-03-28 15:22:07,280 - DEBUG - client               Была вызвана функция create_message c параметрами (<__main__.Client object at 0x000002CDD898C940>,), {}. 
2022-03-28 15:24:08,280 - DEBUG - client               Была вызвана функция presence_msg c параметрами ('test',), {}. 
2022-03-28 15:24:25,883 - DEBUG - client               Была вызвана функция presence_msg c параметрами ('test1',), {}. 
2022-03-28 15:24:25,883 - DEBUG - client               Была вызвана функция create_message c параметрами (<__main__.Client object at 0x00000263D5F8C940>,), {}. 
2022-03-28 15:26:24,574 - DEBUG - client               Была вызвана функция presence_msg c параметрами ('test',), {}. 
2022-03-28 15:26:33,742 - DEBUG - client               Была вызвана функция presence_msg c параметрами ('test1',), {}. 
2022-03-28 15:26:33,742 - DEBUG - client               Была вызвана функция create_message c параметрами (<__main__.Client object at 0x0000020851E1C940>,), {}. 
2022-03-28 15:39:50,500 - DEBUG - client               Была вызвана функция presence_msg c параметрами ('test',), {}. 
2022-03-28 15:39:58,218 - DEBUG - client               Была вызвана функция presence_msg c параметрами ('test1',), {}. 
2022-03-28 15:39:58,218 - DEBUG - client               Была вызвана функция create_message c параметрами (<__main__.Client object at 0x000001F84AE7C940>,), {}. 
2022-03-28 15:40:30,876 - DEBUG - client               Была вызвана функция presence_msg c параметрами ('test',), {}. 
2022-03-28 15:40:52,121 - DEBUG - client               Была вызвана функция presence_msg c параметрами ('test1',), {}. 
2022-03-28 15:40:52,122 - DEBUG - client               Была вызвана функция create_message c параметрами (<__main__.Client object at 0x0000023E35A0C940>,), {}. 
2022-03-28 15:42:01,184 - DEBUG - client               Была вызвана функция presence_msg c параметрами ('test',), {}. 
2022-03-28 15:42:02,785 - DEBUG - client               Была вызвана функция presence_msg c параметрами ('test1',), {}. 
2022-03-28 15:42:02,785 - DEBUG - client               Была вызвана функция create_message c параметрами (<__main__.Client object at 0x00000197D138C940>,), {}. 
2022-03-28 15:42:36,307 - DEBUG - client               Была вызвана функция presence_msg c параметрами ('test',), {}. 
2022-03-28 15:42:44,484 - DEBUG - client               Была вызвана функция presence_msg c параметрами ('test1',), {}. 
2022-03-28 15:42:44,484 - DEBUG - client               Была вызвана функция create_message c параметрами (<__main__.Client object at 0x000002669F80C940>,), {}. 
2022-03-28 15:44:30,886 - DEBUG - client               Была вызвана функция presence_msg c параметрами ('test2',), {}. 
2022-03-28 15:44:30,887 - DEBUG - client               Была вызвана функция create_message c параметрами (<__main__.Client object at 0x0000016ECABDC940>,), {}. 
2022-03-28 15:45:46,761 - DEBUG - client               Была вызвана функция presence_msg c параметрами ('test',), {}. 
2022-03-28 15:45:53,678 - DEBUG - client               Была вызвана функция presence_msg c параметрами ('test2',), {}. 
2022-03-28 15:45:53,678 - DEBUG - client               Была вызвана функция create_message c параметрами (<__main__.Client object at 0x0000010F9B0AC940>,), {}. 
2022-03-28 15:51:48,457 - DEBUG - client               Была вызвана функция presence_msg c параметрами ('test',), {}. 
2022-03-28 15:52:00,634 - DEBUG - client               Была вызвана функция presence_msg c параметрами ('test2',), {}. 
2022-03-28 15:52:00,634 - DEBUG - client               Была вызвана функция create_message c параметрами (<__main__.Client object at 0x000002257D3DC940>,), {}. 
2022-03-28 15:53:52,539 - DEBUG - client               Была вызвана функция presence_msg c параметрами ('test',), {}. 
2022-03-28 15:54:25,321 - DEBUG - client               Была вызвана функция presence_msg c параметрами ('test2',), {}. 
2022-03-28 15:54:25,321 - DEBUG - client               Была вызвана функция create_message c параметрами (<__main__.Client object at 0x000001924811C940>,), {}. 
2022-03-28 15:57:43,452 - DEBUG - client               Была вызвана функция presence_msg c параметрами ('test',), {}. 
2022-03-28 15:57:56,287 - DEBUG - client               Была вызвана функция presence_msg c параметрами ('test2',), {}. 
2022-03-28 15:57:56,287 - DEBUG - client               Была вызвана функция create_message c параметрами (<__main__.Client object at 0x0000020508C2C940>,), {}. 
2022-03-28 15:59:49,996 - DEBUG - client               Была вызвана функция presence_msg c параметрами ('test',), {}. 
2022-03-28 15:59:53,346 - DEBUG - client               Была вызвана функция presence_msg c параметрами ('test2',), {}. 
2022-03-28 15:59:53,346 - DEBUG - client               Была вызвана функция create_message c параметрами (<__main__.Client object at 0x0000020B65F9C940>,), {}. 
2022-03-28 16:02:28,372 - DEBUG - client               Была вызвана функция presence_msg c параметрами ('test',), {}. 
2022-03-28 16:02:37,744 - DEBUG - client               Была вызвана функция presence_msg c параметрами ('test2',), {}. 
2022-03-28 16:02:37,744 - DEBUG - client               Была вызвана функция create_message c параметрами (<__main__.Client object at 0x000001C95541C940>,), {}. 
2022-03-28 16:02:59,224 - DEBUG - client               Была вызвана функция presence_msg c параметрами ('test',), {}. 
2022-03-28 16:04:30,880 - DEBUG - client               Была вызвана функция presence_msg c параметрами ('test',), {}. 
2022-03-28 19:28:17,089 - DEBUG - client               Была вызвана функция presence_msg c параметрами ('test',), {}. 
2022-03-28 19:28:35,428 - DEBUG - client               Была вызвана функция presence_msg c параметрами ('test',), {}. 
2022-03-28 19:28:36,936 - DEBUG - client               Была вызвана функция presence_msg c параметрами ('test',), {}. 
2022-03-28 21:29:06,576 - DEBUG - client               Была вызвана функция presence_msg c параметрами ('test',), {}. 
2022-03-28 21:29:34,949 - DEBUG - client               Была вызвана функция presence_msg c параметрами ('test',), {}. 
2022-03-28 21:29:51,481 - DEBUG - client               Была вызвана функция presence_msg c параметрами ('test1',), {}. 
2022-03-28 21:29:51,482 - DEBUG - client               Была вызвана функция create_message c параметрами (<__main__.Client object at 0x00000208046DC940>,), {}. 
2022-03-28 21:30:25,808 - DEBUG - client               Была вызвана функция presence_msg c параметрами ('test',), {}. 
2022-03-28 21:30:40,776 - DEBUG - client               Была вызвана функция presence_msg c параметрами ('test1',), {}. 
2022-03-28 21:30:40,776 - DEBUG - client               Была вызвана функция create_message c параметрами (<__main__.Client object at 0x000001D29A31C940>,), {}. 
2022-03-28 21:31:18,267 - DEBUG - client               Была вызвана функция presence_msg c параметрами ('test',), {}. 
2022-03-28 21:34:02,156 - DEBUG - client               Была вызвана функция presence_msg c параметрами ('test',), {}. 
2022-03-28 21:34:14,730 - DEBUG - client               Была вызвана функция presence_msg c параметрами ('test1',), {}. 
2022-03-28 21:34:14,730 - DEBUG - client               Была вызвана функция create_message c параметрами (<__main__.Client object at 0x00000189A064C940>,), {}. 
2022-03-28 21:46:04,567 - DEBUG - client               Была вызвана функция presence_msg c параметрами ('test',), {}. 
2022-03-28 21:46:29,949 - DEBUG - client               Была вызвана функция presence_msg c параметрами ('test1',), {}. 
2022-03-28 21:46:29,950 - DEBUG - client               Была вызвана функция create_message c параметрами (<__main__.Client object at 0x0000019A9E80C940>,), {}. 
2022-03-28 21:47:27,957 - DEBUG - client               Была вызвана функция presence_msg c параметрами ('test',), {}. 
2022-03-28 21:47:31,463 - DEBUG - client               Была вызвана функция presence_msg c параметрами ('test1',), {}. 
2022-03-28 21:47:31,463 - DEBUG - client               Была вызвана функция create_message c параметрами (<__main__.Client object at 0x000001477E72C940>,), {}. 
2022-03-28 21:47:49,081 - DEBUG - client               Была вызвана функция presence_msg c параметрами ('test2',), {}. 
2022-03-28 21:47:49,082 - DEBUG - client               Была вызвана функция create_message c параметрами (<__main__.Client object at 0x000001E22C1DC940>,), {}. 
2022-03-28 22:09:28,170 - DEBUG - client               Была вызвана функция presence_msg c параметрами ('test',), {}. 
2022-03-28 22:10:29,007 - DEBUG - client               Была вызвана функция presence_msg c параметрами ('test',), {}. 
2022-03-28 22:11:11,818 - DEBUG - client               Была вызвана функция presence_msg c параметрами ('test',), {}. 
2022-03-28 22:11:20,650 - DEBUG - client               Была вызвана функция process_message_from_server c параметрами ({'response': 200},), {}. 
2022-03-28 22:11:20,650 - ERROR - client               Функция process_message_from_server с параметрами ({'response': 200},), {} выполнена с ошибкой.
2022-03-28 22:12:41,623 - DEBUG - client               Была вызвана функция presence_msg c параметрами ('test',), {}. 
2022-03-28 22:13:16,859 - DEBUG - client               Была вызвана функция presence_msg c параметрами ('test',), {}. 
2022-03-28 22:13:36,362 - DEBUG - client               Была вызвана функция process_message_from_server c параметрами ({'response': 200},), {}. 
2022-03-28 22:13:51,109 - ERROR - client               Функция process_message_from_server с параметрами ({'response': 200},), {} выполнена с ошибкой.
2022-03-28 22:15:51,714 - DEBUG - client               Была вызвана функция presence_msg c параметрами ('test',), {}. 
2022-03-28 22:15:51,714 - DEBUG - client               Была вызвана функция process_response c параметрами ({'response': 200},), {}. 
2022-03-28 22:20:17,630 - DEBUG - client               Была вызвана функция presence_msg c параметрами ('test',), {}. 
2022-03-28 22:27:33,126 - DEBUG - client               Была вызвана функция presence_msg c параметрами ('test',), {}. 
2022-03-28 22:31:47,816 - DEBUG - client               Была вызвана функция presence_msg c параметрами ('test',), {}. 
2022-03-28 22:32:29,028 - DEBUG - client               Была вызвана функция presence_msg c параметрами ('test',), {}. 
2022-03-28 22:33:15,244 - DEBUG - client               Была вызвана функция presence_msg c параметрами ('test',), {}. 
2022-03-28 22:33:57,041 - DEBUG - client               Была вызвана функция presence_msg c параметрами ('test',), {}. 
2022-03-28 22:34:02,280 - DEBUG - client               Была вызвана функция process_response c параметрами ({'response': 200},), {}. 
2022-03-28 22:52:31,943 - DEBUG - client               Была вызвана функция presence_msg c параметрами ('test',), {}. 
2022-03-28 22:52:40,084 - DEBUG - client               Была вызвана функция presence_msg c параметрами ('test1',), {}. 
2022-03-28 22:52:40,084 - DEBUG - client               Была вызвана функция create_message c параметрами (<__main__.Client object at 0x000001ACD252C970>,), {}. 
2022-03-28 22:53:38,877 - DEBUG - client               Была вызвана функция presence_msg c параметрами ('test',), {}. 
2022-03-28 22:54:44,451 - DEBUG - client               Была вызвана функция presence_msg c параметрами ('test',), {}. 
2022-03-28 22:54:44,478 - DEBUG - client               Была вызвана функция process_response c параметрами ({'response': 200, 'action': 'initial'},), {}. 
2022-03-28 22:54:55,387 - DEBUG - client               Была вызвана функция presence_msg c параметрами ('test1',), {}. 
2022-03-28 22:54:55,387 - DEBUG - client               Была вызвана функция create_message c параметрами (<__main__.Client object at 0x0000017D6B7CC970>,), {}. 
2022-03-28 22:54:57,628 - DEBUG - client               Была вызвана функция process_response c параметрами ({'response': 200, 'action': 'initial'},), {}. 
2022-03-28 22:57:44,822 - DEBUG - client               Была вызвана функция presence_msg c параметрами ('test',), {}. 
2022-03-28 22:57:44,857 - DEBUG - client               Была вызвана функция process_response c параметрами ({'response': 200, 'action': 'initial'},), {}. 
2022-03-28 22:57:52,946 - DEBUG - client               Была вызвана функция presence_msg c параметрами ('test1',), {}. 
2022-03-28 22:57:52,946 - DEBUG - client               Была вызвана функция create_message c параметрами (<__main__.Client object at 0x0000011CDBBFC970>,), {}. 
2022-03-28 22:59:23,639 - DEBUG - client               Была вызвана функция presence_msg c параметрами ('test',), {}. 
2022-03-28 22:59:40,917 - DEBUG - client               Была вызвана функция process_response c параметрами ({'response': 200, 'action': 'initial'},), {}. 
2022-03-28 23:00:04,970 - DEBUG - client               Была вызвана функция presence_msg c параметрами ('test',), {}. 
2022-03-28 23:00:04,999 - DEBUG - client               Была вызвана функция process_response c параметрами ({'response': 200, 'action': 'initial'},), {}. 
2022-03-28 23:00:12,726 - DEBUG - client               Была вызвана функция presence_msg c параметрами ('test1',), {}. 
2022-03-28 23:00:12,726 - DEBUG - client               Была вызвана функция create_message c параметрами (<__main__.Client object at 0x0000025D1D12C970>,), {}. 
2022-03-28 23:00:14,809 - DEBUG - client               Была вызвана функция process_response c параметрами ({'response': 200, 'action': 'initial'},), {}. 
2022-03-28 23:00:49,936 - DEBUG - client               Была вызвана функция presence_msg c параметрами ('test',), {}. 
2022-03-28 23:01:00,494 - DEBUG - client               Была вызвана функция process_response c параметрами ({'response': 200, 'action': 'initial'},), {}. 
2022-03-28 23:01:12,950 - DEBUG - client               Была вызвана функция presence_msg c параметрами ('test1',), {}. 
2022-03-28 23:01:12,950 - DEBUG - client               Была вызвана функция create_message c параметрами (<__main__.Client object at 0x000001D099F7C970>,), {}. 
2022-03-28 23:01:22,856 - DEBUG - client               Была вызвана функция process_response c параметрами ({'response': 200, 'action': 'initial'},), {}. 
2022-03-28 23:02:26,196 - DEBUG - client               Была вызвана функция presence_msg c параметрами ('test',), {}. 
2022-03-28 23:02:26,255 - DEBUG - client               Была вызвана функция process_response c параметрами ({'response': 200, 'action': 'initial'},), {}. 
2022-03-28 23:02:33,383 - DEBUG - client               Была вызвана функция presence_msg c параметрами ('test1',), {}. 
2022-03-28 23:02:33,383 - DEBUG - client               Была вызвана функция create_message c параметрами (<__main__.Client object at 0x0000026B59C0C970>,), {}. 
2022-03-28 23:02:36,122 - DEBUG - client               Была вызвана функция process_response c параметрами ({'response': 200, 'action': 'initial'},), {}. 
2022-03-28 23:02:36,275 - DEBUG - client               Была вызвана функция process_response c параметрами ({'action': 'msg', 'time': 1648497756.1229339, 'account_name': 'test1', 'destination': 'test', 'message_text': 'eeee'},), {}. 
2022-03-28 23:02:36,275 - ERROR - client               Функция process_response с параметрами ({'action': 'msg', 'time': 1648497756.1229339, 'account_name': 'test1', 'destination': 'test', 'message_text': 'eeee'},), {} выполнена с ошибкой.
2022-03-28 23:10:55,646 - DEBUG - client               Была вызвана функция presence_msg c параметрами ('test',), {}. 
2022-03-28 23:10:55,702 - DEBUG - client               Была вызвана функция process_response c параметрами ({'response': 200, 'action': 'initial'},), {}. 
2022-03-29 01:12:29,776 - DEBUG - client               Была вызвана функция presence_msg c параметрами ('test',), {}. 
2022-03-29 01:12:29,835 - DEBUG - client               Была вызвана функция process_response c параметрами ({'response': 200, 'action': 'initial'},), {}. 
2022-03-29 01:12:29,835 - DEBUG - threading            Была вызвана функция process_message_from_server c параметрами (<__main__.Client object at 0x000001FF36A00CA0>,), {}. 
2022-03-29 01:12:29,835 - DEBUG - threading            Была вызвана функция users_interface c параметрами (<__main__.Client object at 0x000001FF36A00CA0>,), {}. 
2022-03-29 01:13:30,530 - DEBUG - client               Была вызвана функция presence_msg c параметрами ('test',), {}. 
2022-03-29 01:13:30,559 - DEBUG - client               Была вызвана функция process_response c параметрами ({'response': 200, 'action': 'initial'},), {}. 
2022-03-29 01:13:30,559 - DEBUG - threading            Была вызвана функция process_message_from_server c параметрами (<__main__.Client object at 0x000001B855760EE0>,), {}. 
2022-03-29 01:13:30,560 - DEBUG - threading            Была вызвана функция users_interface c параметрами (<__main__.Client object at 0x000001B855760EE0>,), {}. 
2022-03-29 01:13:37,687 - DEBUG - client               Была вызвана функция print_help c параметрами (), {}. 
2022-03-29 01:13:47,242 - DEBUG - client               Была вызвана функция presence_msg c параметрами ('test1',), {}. 
2022-03-29 01:13:47,549 - DEBUG - client               Была вызвана функция process_response c параметрами ({'response': 200, 'action': 'initial'},), {}. 
2022-03-29 01:13:47,549 - DEBUG - threading            Была вызвана функция process_message_from_server c параметрами (<__main__.Client object at 0x00000224ABB50EE0>,), {}. 
2022-03-29 01:13:47,549 - DEBUG - threading            Была вызвана функция users_interface c параметрами (<__main__.Client object at 0x00000224ABB50EE0>,), {}. 
2022-03-29 01:13:49,866 - DEBUG - client               Была вызвана функция create_message c параметрами (<__main__.Client object at 0x00000224ABB50EE0>,), {}. 
2022-03-29 01:14:09,086 - DEBUG - client               Была вызвана функция create_message c параметрами (<__main__.Client object at 0x000001B855760EE0>,), {}. 
2022-03-29 01:16:39,528 - DEBUG - client               Была вызвана функция presence_msg c параметрами ('test',), {}. 
2022-03-29 01:16:39,619 - DEBUG - client               Была вызвана функция process_response c параметрами ({'response': 200, 'action': 'initial'},), {}. 
2022-03-29 01:16:39,619 - DEBUG - threading            Была вызвана функция process_message_from_server c параметрами (<__main__.Client object at 0x000001CD1F500F70>,), {}. 
2022-03-29 01:16:39,620 - DEBUG - threading            Была вызвана функция users_interface c параметрами (<__main__.Client object at 0x000001CD1F500F70>,), {}. 
2022-03-29 01:16:46,712 - DEBUG - client               Была вызвана функция presence_msg c параметрами ('test1',), {}. 
2022-03-29 01:16:47,398 - DEBUG - client               Была вызвана функция process_response c параметрами ({'response': 200, 'action': 'initial'},), {}. 
2022-03-29 01:16:47,398 - DEBUG - threading            Была вызвана функция process_message_from_server c параметрами (<__main__.Client object at 0x000001E912380F70>,), {}. 
2022-03-29 01:16:47,398 - DEBUG - threading            Была вызвана функция users_interface c параметрами (<__main__.Client object at 0x000001E912380F70>,), {}. 
2022-03-29 01:16:57,386 - DEBUG - client               Была вызвана функция create_message c параметрами (<__main__.Client object at 0x000001E912380F70>,), {}. 
2022-03-29 01:19:48,031 - DEBUG - client               Была вызвана функция presence_msg c параметрами ('test',), {}. 
2022-03-29 01:19:48,065 - DEBUG - client               Была вызвана функция process_response c параметрами ({'response': 200, 'action': 'initial'},), {}. 
2022-03-29 01:19:48,065 - DEBUG - threading            Была вызвана функция process_message_from_server c параметрами (<__main__.Client object at 0x000002523E480F70>,), {}. 
2022-03-29 01:19:48,066 - DEBUG - threading            Была вызвана функция users_interface c параметрами (<__main__.Client object at 0x000002523E480F70>,), {}. 
2022-03-29 01:19:55,776 - DEBUG - client               Была вызвана функция presence_msg c параметрами ('test1',), {}. 
2022-03-29 01:19:56,007 - DEBUG - client               Была вызвана функция process_response c параметрами ({'response': 200, 'action': 'initial'},), {}. 
2022-03-29 01:19:56,007 - DEBUG - threading            Была вызвана функция process_message_from_server c параметрами (<__main__.Client object at 0x0000028472610F70>,), {}. 
2022-03-29 01:19:56,008 - DEBUG - threading            Была вызвана функция users_interface c параметрами (<__main__.Client object at 0x0000028472610F70>,), {}. 
2022-03-29 01:19:57,300 - DEBUG - client               Была вызвана функция create_message c параметрами (<__main__.Client object at 0x0000028472610F70>,), {}. 
2022-03-29 01:24:23,235 - DEBUG - client               Была вызвана функция presence_msg c параметрами ('test',), {}. 
2022-03-29 01:24:23,558 - DEBUG - client               Была вызвана функция process_response c параметрами ({'response': 200, 'action': 'initial'},), {}. 
2022-03-29 01:24:23,559 - DEBUG - threading            Была вызвана функция process_message_from_server c параметрами (<__main__.Client object at 0x00000263A4050F70>,), {}. 
2022-03-29 01:24:23,559 - DEBUG - threading            Была вызвана функция users_interface c параметрами (<__main__.Client object at 0x00000263A4050F70>,), {}. 
2022-03-29 01:25:24,864 - DEBUG - client               Была вызвана функция presence_msg c параметрами ('test',), {}. 
2022-03-29 01:25:25,066 - DEBUG - client               Была вызвана функция process_response c параметрами ({'response': 200, 'action': 'initial'},), {}. 
2022-03-29 01:25:25,066 - DEBUG - threading            Была вызвана функция process_message_from_server c параметрами (<__main__.Client object at 0x0000017BDFD30F70>,), {}. 
2022-03-29 01:25:25,067 - DEBUG - threading            Была вызвана функция users_interface c параметрами (<__main__.Client object at 0x0000017BDFD30F70>,), {}. 
2022-03-29 01:27:16,322 - DEBUG - client               Была вызвана функция presence_msg c параметрами ('test',), {}. 
2022-03-29 01:27:16,556 - DEBUG - client               Была вызвана функция process_response c параметрами ({'response': 200, 'action': 'initial'},), {}. 
2022-03-29 01:27:16,556 - DEBUG - threading            Была вызвана функция process_message_from_server c параметрами (<__main__.Client object at 0x0000022091F10F70>,), {}. 
2022-03-29 01:27:16,557 - DEBUG - threading            Была вызвана функция users_interface c параметрами (<__main__.Client object at 0x0000022091F10F70>,), {}. 
2022-03-29 01:28:40,455 - DEBUG - client               Была вызвана функция presence_msg c параметрами ('test',), {}. 
2022-03-29 01:28:40,711 - DEBUG - client               Была вызвана функция process_response c параметрами ({'response': 200, 'action': 'initial'},), {}. 
2022-03-29 01:28:40,712 - DEBUG - threading            Была вызвана функция process_message_from_server c параметрами (<__main__.Client object at 0x0000018E89C10F70>,), {}. 
2022-03-29 01:28:40,712 - DEBUG - threading            Была вызвана функция users_interface c параметрами (<__main__.Client object at 0x0000018E89C10F70>,), {}. 
2022-03-29 01:30:06,691 - DEBUG - client               Была вызвана функция presence_msg c параметрами ('test',), {}. 
2022-03-29 01:30:06,932 - DEBUG - client               Была вызвана функция process_response c параметрами ({'response': 200, 'action': 'initial'},), {}. 
2022-03-29 01:30:06,932 - DEBUG - threading            Была вызвана функция process_message_from_server c параметрами (<__main__.Client object at 0x00000208255B0F70>,), {}. 
2022-03-29 01:30:06,932 - DEBUG - threading            Была вызвана функция users_interface c параметрами (<__main__.Client object at 0x00000208255B0F70>,), {}. 
2022-03-29 01:31:25,251 - DEBUG - client               Была вызвана функция presence_msg c параметрами ('test',), {}. 
2022-03-29 01:31:25,485 - DEBUG - client               Была вызвана функция process_response c параметрами ({'response': 200, 'action': 'initial'},), {}. 
2022-03-29 01:31:25,485 - DEBUG - threading            Была вызвана функция process_message_from_server c параметрами (<__main__.Client object at 0x000001DD29DE0F70>,), {}. 
2022-03-29 01:31:25,486 - DEBUG - threading            Была вызвана функция users_interface c параметрами (<__main__.Client object at 0x000001DD29DE0F70>,), {}. 
2022-03-29 01:31:28,039 - DEBUG - client               Была вызвана функция create_message c параметрами (<__main__.Client object at 0x000001DD29DE0F70>,), {}. 
2022-03-29 01:32:12,325 - DEBUG - client               Была вызвана функция presence_msg c параметрами ('test',), {}. 
2022-03-29 01:32:12,597 - DEBUG - client               Была вызвана функция process_response c параметрами ({'response': 200, 'action': 'initial'},), {}. 
2022-03-29 01:32:12,597 - DEBUG - threading            Была вызвана функция process_message_from_server c параметрами (<__main__.Client object at 0x000001AB00090F70>,), {}. 
2022-03-29 01:32:12,598 - DEBUG - threading            Была вызвана функция users_interface c параметрами (<__main__.Client object at 0x000001AB00090F70>,), {}. 
2022-03-29 01:32:21,155 - DEBUG - client               Была вызвана функция presence_msg c параметрами ('test1',), {}. 
2022-03-29 01:32:21,396 - DEBUG - client               Была вызвана функция process_response c параметрами ({'response': 200, 'action': 'initial'},), {}. 
2022-03-29 01:32:21,396 - DEBUG - threading            Была вызвана функция process_message_from_server c параметрами (<__main__.Client object at 0x000001690CB00F70>,), {}. 
2022-03-29 01:32:21,396 - DEBUG - threading            Была вызвана функция users_interface c параметрами (<__main__.Client object at 0x000001690CB00F70>,), {}. 
2022-03-29 01:32:24,574 - DEBUG - client               Была вызвана функция create_message c параметрами (<__main__.Client object at 0x000001690CB00F70>,), {}. 
2022-03-29 01:32:53,828 - DEBUG - client               Была вызвана функция presence_msg c параметрами ('test2',), {}. 
2022-03-29 01:32:54,334 - DEBUG - client               Была вызвана функция process_response c параметрами ({'response': 200, 'action': 'initial'},), {}. 
2022-03-29 01:32:54,334 - DEBUG - threading            Была вызвана функция process_message_from_server c параметрами (<__main__.Client object at 0x0000024EE5640F70>,), {}. 
2022-03-29 01:32:54,335 - DEBUG - threading            Была вызвана функция users_interface c параметрами (<__main__.Client object at 0x0000024EE5640F70>,), {}. 
2022-03-29 01:32:56,511 - DEBUG - client               Была вызвана функция create_message c параметрами (<__main__.Client object at 0x0000024EE5640F70>,), {}. 
2022-03-29 01:36:37,523 - DEBUG - client               Была вызвана функция presence_msg c параметрами ('test0',), {}. 
2022-03-29 01:36:37,539 - DEBUG - client               Была вызвана функция presence_msg c параметрами ('test3',), {}. 
2022-03-29 01:36:37,555 - DEBUG - client               Была вызвана функция presence_msg c параметрами ('test2',), {}. 
2022-03-29 01:36:37,555 - DEBUG - client               Была вызвана функция presence_msg c параметрами ('test4',), {}. 
2022-03-29 01:36:37,699 - DEBUG - client               Была вызвана функция process_response c параметрами ({'response': 200, 'action': 'initial'},), {}. 
2022-03-29 01:36:37,700 - DEBUG - threading            Была вызвана функция process_message_from_server c параметрами (<__main__.Client object at 0x0000026AD2AAFA30>,), {}. 
2022-03-29 01:36:37,700 - DEBUG - threading            Была вызвана функция users_interface c параметрами (<__main__.Client object at 0x0000026AD2AAFA30>,), {}. 
2022-03-29 01:36:37,939 - DEBUG - client               Была вызвана функция process_response c параметрами ({'response': 200, 'action': 'initial'},), {}. 
2022-03-29 01:36:37,939 - DEBUG - threading            Была вызвана функция process_message_from_server c параметрами (<__main__.Client object at 0x0000011098AAFA30>,), {}. 
2022-03-29 01:36:37,940 - DEBUG - threading            Была вызвана функция users_interface c параметрами (<__main__.Client object at 0x0000011098AAFA30>,), {}. 
2022-03-29 01:36:38,356 - DEBUG - client               Была вызвана функция process_response c параметрами ({'response': 200, 'action': 'initial'},), {}. 
2022-03-29 01:36:38,356 - DEBUG - threading            Была вызвана функция process_message_from_server c параметрами (<__main__.Client object at 0x000001C65C96FA30>,), {}. 
2022-03-29 01:36:38,357 - DEBUG - threading            Была вызвана функция users_interface c параметрами (<__main__.Client object at 0x000001C65C96FA30>,), {}. 
2022-03-29 01:36:38,452 - DEBUG - client               Была вызвана функция process_response c параметрами ({'response': 200, 'action': 'initial'},), {}. 
2022-03-29 01:36:38,452 - DEBUG - threading            Была вызвана функция process_message_from_server c параметрами (<__main__.Client object at 0x000001B7F16AFA30>,), {}. 
2022-03-29 01:36:38,453 - DEBUG - threading            Была вызвана функция users_interface c параметрами (<__main__.Client object at 0x000001B7F16AFA30>,), {}. 
2022-03-29 01:36:38,468 - DEBUG - client               Была вызвана функция process_response c параметрами ({'response': 200, 'action': 'initial'},), {}. 
2022-03-29 01:36:38,468 - DEBUG - threading            Была вызвана функция process_message_from_server c параметрами (<__main__.Client object at 0x00000165874AFA30>,), {}. 
2022-03-29 01:36:38,468 - DEBUG - threading            Была вызвана функция users_interface c параметрами (<__main__.Client object at 0x00000165874AFA30>,), {}. 
2022-03-29 01:36:50,222 - DEBUG - client               Была вызвана функция create_message c параметрами (<__main__.Client object at 0x0000011098AAFA30>,), {}. 
2022-04-06 01:26:09,416 - DEBUG - client               Была вызвана функция presence_msg c параметрами ('test2',), {}. 
2022-04-06 01:28:10,399 - DEBUG - client               Была вызвана функция presence_msg c параметрами ('test',), {}. 
2022-04-06 01:29:41,692 - DEBUG - client               Была вызвана функция presence_msg c параметрами ('test',), {}. 
2022-04-06 01:29:42,307 - DEBUG - client               Была вызвана функция process_response c параметрами ({'response': 200, 'action': 'initial'},), {}. 
2022-04-06 01:29:42,307 - DEBUG - threading            Была вызвана функция process_message_from_server c параметрами (<__main__.Client object at 0x0000013EA3D30F70>,), {}. 
2022-04-06 01:29:42,308 - DEBUG - threading            Была вызвана функция users_interface c параметрами (<__main__.Client object at 0x0000013EA3D30F70>,), {}. 
2022-04-06 01:29:50,648 - DEBUG - client               Была вызвана функция print_help c параметрами (), {}. 
2022-04-06 01:29:52,632 - DEBUG - client               Была вызвана функция create_message c параметрами (<__main__.Client object at 0x0000013EA3D30F70>,), {}. 
2022-04-06 01:30:24,444 - DEBUG - client               Была вызвана функция presence_msg c параметрами ('test',), {}. 
2022-04-06 01:30:24,854 - DEBUG - client               Была вызвана функция process_response c параметрами ({'response': 200, 'action': 'initial'},), {}. 
2022-04-06 01:30:24,854 - DEBUG - threading            Была вызвана функция process_message_from_server c параметрами (<__main__.Client object at 0x00000252988D0F70>,), {}. 
2022-04-06 01:30:24,855 - DEBUG - threading            Была вызвана функция users_interface c параметрами (<__main__.Client object at 0x00000252988D0F70>,), {}. 
2022-04-06 01:30:34,314 - DEBUG - client               Была вызвана функция create_message c параметрами (<__main__.Client object at 0x00000252988D0F70>,), {}. 
2022-04-06 01:31:01,370 - DEBUG - client               Была вызвана функция presence_msg c параметрами ('test0',), {}. 
2022-04-06 01:31:01,386 - DEBUG - client               Была вызвана функция presence_msg c параметрами ('test2',), {}. 
2022-04-06 01:31:01,402 - DEBUG - client               Была вызвана функция presence_msg c параметрами ('test3',), {}. 
2022-04-06 01:31:01,402 - DEBUG - client               Была вызвана функция presence_msg c параметрами ('test4',), {}. 
2022-04-06 01:31:02,537 - DEBUG - client               Была вызвана функция process_response c параметрами ({'response': 200, 'action': 'initial'},), {}. 
2022-04-06 01:31:02,537 - DEBUG - threading            Была вызвана функция process_message_from_server c параметрами (<__main__.Client object at 0x0000022049D03A30>,), {}. 
2022-04-06 01:31:02,538 - DEBUG - threading            Была вызвана функция users_interface c параметрами (<__main__.Client object at 0x0000022049D03A30>,), {}. 
2022-04-06 01:31:02,777 - DEBUG - client               Была вызвана функция process_response c параметрами ({'response': 200, 'action': 'initial'},), {}. 
2022-04-06 01:31:02,777 - DEBUG - threading            Была вызвана функция process_message_from_server c параметрами (<__main__.Client object at 0x000001F13F2AFA30>,), {}. 
2022-04-06 01:31:02,778 - DEBUG - threading            Была вызвана функция users_interface c параметрами (<__main__.Client object at 0x000001F13F2AFA30>,), {}. 
2022-04-06 01:31:02,969 - DEBUG - client               Была вызвана функция process_response c параметрами ({'response': 200, 'action': 'initial'},), {}. 
2022-04-06 01:31:02,970 - DEBUG - threading            Была вызвана функция process_message_from_server c параметрами (<__main__.Client object at 0x0000013B2C4C3A30>,), {}. 
2022-04-06 01:31:02,971 - DEBUG - threading            Была вызвана функция users_interface c параметрами (<__main__.Client object at 0x0000013B2C4C3A30>,), {}. 
2022-04-06 01:31:03,097 - DEBUG - client               Была вызвана функция process_response c параметрами ({'response': 200, 'action': 'initial'},), {}. 
2022-04-06 01:31:03,098 - DEBUG - threading            Была вызвана функция process_message_from_server c параметрами (<__main__.Client object at 0x000001F378CD3A30>,), {}. 
2022-04-06 01:31:03,099 - DEBUG - threading            Была вызвана функция users_interface c параметрами (<__main__.Client object at 0x000001F378CD3A30>,), {}. 
2022-04-06 01:31:03,113 - DEBUG - client               Была вызвана функция process_response c параметрами ({'response': 200, 'action': 'initial'},), {}. 
2022-04-06 01:31:03,113 - DEBUG - threading            Была вызвана функция process_message_from_server c параметрами (<__main__.Client object at 0x000002442C923A30>,), {}. 
2022-04-06 01:31:03,114 - DEBUG - threading            Была вызвана функция users_interface c параметрами (<__main__.Client object at 0x000002442C923A30>,), {}. 
2022-04-06 01:31:11,440 - DEBUG - client               Была вызвана функция create_message c параметрами (<__main__.Client object at 0x0000013B2C4C3A30>,), {}. 
2022-04-06 01:31:51,382 - DEBUG - client               Была вызвана функция presence_msg c параметрами ('test0',), {}. 
2022-04-06 01:31:51,398 - DEBUG - client               Была вызвана функция presence_msg c параметрами ('test1',), {}. 
2022-04-06 01:31:51,398 - DEBUG - client               Была вызвана функция presence_msg c параметрами ('test4',), {}. 
2022-04-06 01:31:51,414 - DEBUG - client               Была вызвана функция presence_msg c параметрами ('test3',), {}. 
2022-04-06 01:31:51,414 - DEBUG - client               Была вызвана функция presence_msg c параметрами ('test2',), {}. 
2022-04-06 01:31:52,293 - DEBUG - client               Была вызвана функция process_response c параметрами ({'response': 200, 'action': 'initial'},), {}. 
2022-04-06 01:31:52,293 - DEBUG - threading            Была вызвана функция process_message_from_server c параметрами (<__main__.Client object at 0x000001732BEB3A30>,), {}. 
2022-04-06 01:31:52,293 - DEBUG - threading            Была вызвана функция users_interface c параметрами (<__main__.Client object at 0x000001732BEB3A30>,), {}. 
2022-04-06 01:31:53,157 - DEBUG - client               Была вызвана функция process_response c параметрами ({'response': 200, 'action': 'initial'},), {}. 
2022-04-06 01:31:53,157 - DEBUG - threading            Была вызвана функция process_message_from_server c параметрами (<__main__.Client object at 0x00000122A3B33A30>,), {}. 
2022-04-06 01:31:53,158 - DEBUG - threading            Была вызвана функция users_interface c параметрами (<__main__.Client object at 0x00000122A3B33A30>,), {}. 
2022-04-06 01:31:53,524 - DEBUG - client               Была вызвана функция process_response c параметрами ({'response': 200, 'action': 'initial'},), {}. 
2022-04-06 01:31:53,524 - DEBUG - threading            Была вызвана функция process_message_from_server c параметрами (<__main__.Client object at 0x000001A3491B3A30>,), {}. 
2022-04-06 01:31:53,524 - DEBUG - threading            Была вызвана функция users_interface c параметрами (<__main__.Client object at 0x000001A3491B3A30>,), {}. 
2022-04-06 01:31:53,716 - DEBUG - client               Была вызвана функция process_response c параметрами ({'response': 200, 'action': 'initial'},), {}. 
2022-04-06 01:31:53,716 - DEBUG - threading            Была вызвана функция process_message_from_server c параметрами (<__main__.Client object at 0x0000027411F43A30>,), {}. 
2022-04-06 01:31:53,716 - DEBUG - threading            Была вызвана функция users_interface c параметрами (<__main__.Client object at 0x0000027411F43A30>,), {}. 
2022-04-06 01:31:53,732 - DEBUG - client               Была вызвана функция process_response c параметрами ({'response': 200, 'action': 'initial'},), {}. 
2022-04-06 01:31:53,732 - DEBUG - threading            Была вызвана функция process_message_from_server c параметрами (<__main__.Client object at 0x000001D461CF3A30>,), {}. 
2022-04-06 01:31:53,732 - DEBUG - threading            Была вызвана функция users_interface c параметрами (<__main__.Client object at 0x000001D461CF3A30>,), {}. 
2022-04-06 01:31:56,212 - DEBUG - client               Была вызвана функция create_message c параметрами (<__main__.Client object at 0x0000027411F43A30>,), {}. 
2022-04-06 01:32:14,798 - DEBUG - client               Была вызвана функция presence_msg c параметрами ('test1',), {}. 
2022-04-06 01:32:14,814 - DEBUG - client               Была вызвана функция presence_msg c параметрами ('test4',), {}. 
2022-04-06 01:32:14,830 - DEBUG - client               Была вызвана функция presence_msg c параметрами ('test2',), {}. 
2022-04-06 01:32:15,582 - DEBUG - client               Была вызвана функция process_response c параметрами ({'response': 200, 'action': 'initial'},), {}. 
2022-04-06 01:32:15,582 - DEBUG - threading            Была вызвана функция process_message_from_server c параметрами (<__main__.Client object at 0x000001E2D0EBFA30>,), {}. 
2022-04-06 01:32:15,582 - DEBUG - threading            Была вызвана функция users_interface c параметрами (<__main__.Client object at 0x000001E2D0EBFA30>,), {}. 
2022-04-06 01:32:15,726 - DEBUG - client               Была вызвана функция process_response c параметрами ({'response': 200, 'action': 'initial'},), {}. 
2022-04-06 01:32:15,726 - DEBUG - threading            Была вызвана функция process_message_from_server c параметрами (<__main__.Client object at 0x00000287E30B3A30>,), {}. 
2022-04-06 01:32:15,727 - DEBUG - threading            Была вызвана функция users_interface c параметрами (<__main__.Client object at 0x00000287E30B3A30>,), {}. 
2022-04-06 01:32:15,998 - DEBUG - client               Была вызвана функция process_response c параметрами ({'response': 200, 'action': 'initial'},), {}. 
2022-04-06 01:32:15,998 - DEBUG - threading            Была вызвана функция process_message_from_server c параметрами (<__main__.Client object at 0x00000287C6EB3A30>,), {}. 
2022-04-06 01:32:15,999 - DEBUG - threading            Была вызвана функция users_interface c параметрами (<__main__.Client object at 0x00000287C6EB3A30>,), {}. 
2022-04-06 01:32:16,094 - DEBUG - client               Была вызвана функция process_response c параметрами ({'response': 200, 'action': 'initial'},), {}. 
2022-04-06 01:32:16,110 - DEBUG - client               Была вызвана функция process_response c параметрами ({'response': 200, 'action': 'initial'},), {}. 
2022-04-06 01:32:16,110 - DEBUG - threading            Была вызвана функция process_message_from_server c параметрами (<__main__.Client object at 0x000001774F2BFA30>,), {}. 
2022-04-06 01:32:16,111 - DEBUG - threading            Была вызвана функция users_interface c параметрами (<__main__.Client object at 0x000001774F2BFA30>,), {}. 
2022-04-06 01:32:24,818 - DEBUG - client               Была вызвана функция create_message c параметрами (<__main__.Client object at 0x00000287C6EB3A30>,), {}. 
2022-04-06 01:33:10,298 - DEBUG - client               Была вызвана функция presence_msg c параметрами ('test1',), {}. 
2022-04-06 01:33:10,313 - DEBUG - client               Была вызвана функция presence_msg c параметрами ('test4',), {}. 
2022-04-06 01:33:10,329 - DEBUG - client               Была вызвана функция presence_msg c параметрами ('test3',), {}. 
2022-04-06 01:33:11,480 - DEBUG - client               Была вызвана функция process_response c параметрами ({'response': 200, 'action': 'initial'},), {}. 
2022-04-06 01:33:11,480 - DEBUG - threading            Была вызвана функция process_message_from_server c параметрами (<__main__.Client object at 0x0000029AA30B3A30>,), {}. 
2022-04-06 01:33:11,481 - DEBUG - threading            Была вызвана функция users_interface c параметрами (<__main__.Client object at 0x0000029AA30B3A30>,), {}. 
2022-04-06 01:33:11,815 - DEBUG - client               Была вызвана функция process_response c параметрами ({'response': 200, 'action': 'initial'},), {}. 
2022-04-06 01:33:11,815 - DEBUG - threading            Была вызвана функция process_message_from_server c параметрами (<__main__.Client object at 0x0000029A3477FA30>,), {}. 
2022-04-06 01:33:11,816 - DEBUG - threading            Была вызвана функция users_interface c параметрами (<__main__.Client object at 0x0000029A3477FA30>,), {}. 
2022-04-06 01:33:12,083 - DEBUG - client               Была вызвана функция process_response c параметрами ({'response': 200, 'action': 'initial'},), {}. 
2022-04-06 01:33:12,083 - DEBUG - threading            Была вызвана функция process_message_from_server c параметрами (<__main__.Client object at 0x000001D702323A30>,), {}. 
2022-04-06 01:33:12,083 - DEBUG - threading            Была вызвана функция users_interface c параметрами (<__main__.Client object at 0x000001D702323A30>,), {}. 
2022-04-06 01:33:12,210 - DEBUG - client               Была вызвана функция process_response c параметрами ({'response': 200, 'action': 'initial'},), {}. 
2022-04-06 01:33:12,226 - DEBUG - client               Была вызвана функция process_response c параметрами ({'response': 200, 'action': 'initial'},), {}. 
2022-04-06 01:33:12,226 - DEBUG - threading            Была вызвана функция process_message_from_server c параметрами (<__main__.Client object at 0x0000022C126B3A30>,), {}. 
2022-04-06 01:33:12,226 - DEBUG - threading            Была вызвана функция users_interface c параметрами (<__main__.Client object at 0x0000022C126B3A30>,), {}. 
2022-04-06 01:33:16,921 - DEBUG - client               Была вызвана функция create_message c параметрами (<__main__.Client object at 0x0000022C126B3A30>,), {}. 
2022-04-06 01:33:28,283 - DEBUG - client               Была вызвана функция create_message c параметрами (<__main__.Client object at 0x000001D702323A30>,), {}. 
2022-04-06 01:33:58,215 - DEBUG - client               Была вызвана функция create_message c параметрами (<__main__.Client object at 0x0000029A3477FA30>,), {}. 
2022-04-06 01:34:10,981 - DEBUG - client               Была вызвана функция presence_msg c параметрами ('test0',), {}. 
2022-04-06 01:34:10,997 - DEBUG - client               Была вызвана функция presence_msg c параметрами ('test4',), {}. 
2022-04-06 01:34:10,997 - DEBUG - client               Была вызвана функция presence_msg c параметрами ('test2',), {}. 
2022-04-06 01:34:10,997 - DEBUG - client               Была вызвана функция presence_msg c параметрами ('test3',), {}. 
2022-04-06 01:34:11,762 - DEBUG - client               Была вызвана функция process_response c параметрами ({'response': 200, 'action': 'initial'},), {}. 
2022-04-06 01:34:11,762 - DEBUG - threading            Была вызвана функция process_message_from_server c параметрами (<__main__.Client object at 0x0000027226CE3A30>,), {}. 
2022-04-06 01:34:11,763 - DEBUG - threading            Была вызвана функция users_interface c параметрами (<__main__.Client object at 0x0000027226CE3A30>,), {}. 
2022-04-06 01:34:11,986 - DEBUG - client               Была вызвана функция process_response c параметрами ({'response': 200, 'action': 'initial'},), {}. 
2022-04-06 01:34:11,986 - DEBUG - threading            Была вызвана функция process_message_from_server c параметрами (<__main__.Client object at 0x000001CCE24AFA30>,), {}. 
2022-04-06 01:34:11,987 - DEBUG - threading            Была вызвана функция users_interface c параметрами (<__main__.Client object at 0x000001CCE24AFA30>,), {}. 
2022-04-06 01:34:12,210 - DEBUG - client               Была вызвана функция process_response c параметрами ({'response': 200, 'action': 'initial'},), {}. 
2022-04-06 01:34:12,210 - DEBUG - threading            Была вызвана функция process_message_from_server c параметрами (<__main__.Client object at 0x000002D0D66B3A30>,), {}. 
2022-04-06 01:34:12,210 - DEBUG - threading            Была вызвана функция users_interface c параметрами (<__main__.Client object at 0x000002D0D66B3A30>,), {}. 
2022-04-06 01:34:12,338 - DEBUG - client               Была вызвана функция process_response c параметрами ({'response': 200, 'action': 'initial'},), {}. 
2022-04-06 01:34:12,338 - DEBUG - threading            Была вызвана функция process_message_from_server c параметрами (<__main__.Client object at 0x0000026383D53A30>,), {}. 
2022-04-06 01:34:12,339 - DEBUG - threading            Была вызвана функция users_interface c параметрами (<__main__.Client object at 0x0000026383D53A30>,), {}. 
2022-04-06 01:34:12,370 - DEBUG - client               Была вызвана функция process_response c параметрами ({'response': 200, 'action': 'initial'},), {}. 
2022-04-06 01:34:12,371 - DEBUG - threading            Была вызвана функция process_message_from_server c параметрами (<__main__.Client object at 0x000002CF83743A30>,), {}. 
2022-04-06 01:34:12,371 - DEBUG - threading            Была вызвана функция users_interface c параметрами (<__main__.Client object at 0x000002CF83743A30>,), {}. 
2022-04-06 01:34:31,375 - DEBUG - client               Была вызвана функция create_message c параметрами (<__main__.Client object at 0x000001CCE24AFA30>,), {}. 
2022-04-06 01:34:37,782 - DEBUG - client               Была вызвана функция create_message c параметрами (<__main__.Client object at 0x0000026383D53A30>,), {}. 
2022-04-06 01:34:47,889 - DEBUG - client               Была вызвана функция create_message c параметрами (<__main__.Client object at 0x000002CF83743A30>,), {}. 
2022-04-17 19:34:32,641 - DEBUG - client               Была вызвана функция presence_msg c параметрами ('test',), {}. 
2022-04-17 19:35:45,289 - DEBUG - client               Была вызвана функция presence_msg c параметрами ('test',), {}. 
2022-04-17 19:38:01,782 - DEBUG - client               Была вызвана функция presence_msg c параметрами ('test',), {}. 
2022-04-17 19:38:02,618 - DEBUG - client               Была вызвана функция process_response c параметрами ({'response': 200, 'action': 'initial'},), {}. 
2022-04-17 19:38:02,618 - DEBUG - threading            Была вызвана функция process_message_from_server c параметрами (<__main__.Client object at 0x0000026F86ABEF10>,), {}. 
2022-04-17 19:38:02,618 - DEBUG - threading            Была вызвана функция users_interface c параметрами (<__main__.Client object at 0x0000026F86ABEF10>,), {}. 
2022-04-17 19:40:15,245 - DEBUG - client               Была вызвана функция presence_msg c параметрами ('test',), {}. 
2022-04-17 19:41:16,123 - DEBUG - client               Была вызвана функция presence_msg c параметрами ('test',), {}. 
2022-04-17 19:49:05,806 - DEBUG - client               Была вызвана функция presence_msg c параметрами ('test',), {}. 
2022-04-17 19:49:06,259 - DEBUG - client               Была вызвана функция process_response c параметрами ({'response': 200, 'sender': 'test', 'action': 'initial'},), {}. 
2022-04-17 19:49:06,259 - DEBUG - threading            Была вызвана функция process_message_from_server c параметрами (<__main__.Client object at 0x000001EA3295FF10>,), {}. 
2022-04-17 19:49:06,259 - DEBUG - threading            Была вызвана функция users_interface c параметрами (<__main__.Client object at 0x000001EA3295FF10>,), {}. 
2022-04-17 19:50:10,923 - DEBUG - client               Была вызвана функция presence_msg c параметрами ('test_2',), {}. 
2022-04-17 19:50:11,290 - DEBUG - client               Была вызвана функция process_response c параметрами ({'response': 200, 'sender': 'test_2', 'action': 'initial'},), {}. 
2022-04-17 19:50:11,291 - DEBUG - threading            Была вызвана функция process_message_from_server c параметрами (<__main__.Client object at 0x00000262BB8FFF10>,), {}. 
2022-04-17 19:50:11,291 - DEBUG - threading            Была вызвана функция users_interface c параметрами (<__main__.Client object at 0x00000262BB8FFF10>,), {}. 
2022-04-17 19:50:42,351 - DEBUG - client               Была вызвана функция create_message c параметрами (<__main__.Client object at 0x00000262BB8FFF10>,), {}. 
2022-04-18 21:19:44,903 - DEBUG - client               Была вызвана функция presence_msg c параметрами ('test',), {}. 
2022-04-18 21:19:45,436 - DEBUG - client               Была вызвана функция process_response c параметрами ({'response': 200, 'sender': 'test', 'action': 'initial'},), {}. 
2022-04-18 21:19:45,437 - DEBUG - threading            Была вызвана функция process_message_from_server c параметрами (<__main__.Client object at 0x000002BF26183910>,), {}. 
2022-04-18 21:19:45,437 - DEBUG - threading            Была вызвана функция users_interface c параметрами (<__main__.Client object at 0x000002BF26183910>,), {}. 
2022-04-18 21:19:58,816 - DEBUG - client               Была вызвана функция presence_msg c параметрами ('test_2',), {}. 
2022-04-18 21:19:59,214 - DEBUG - client               Была вызвана функция process_response c параметрами ({'response': 200, 'sender': 'test_2', 'action': 'initial'},), {}. 
2022-04-18 21:19:59,215 - DEBUG - threading            Была вызвана функция process_message_from_server c параметрами (<__main__.Client object at 0x0000025590F93910>,), {}. 
2022-04-18 21:19:59,215 - DEBUG - threading            Была вызвана функция users_interface c параметрами (<__main__.Client object at 0x0000025590F93910>,), {}. 
2022-04-18 21:20:03,511 - DEBUG - client               Была вызвана функция add_contact c параметрами (<__main__.Client object at 0x000002BF26183910>,), {}. 
2022-04-18 21:21:14,554 - DEBUG - client               Была вызвана функция presence_msg c параметрами ('test',), {}. 
2022-04-18 21:21:15,122 - DEBUG - client               Была вызвана функция process_response c параметрами ({'response': 200, 'sender': 'test', 'action': 'initial'},), {}. 
2022-04-18 21:21:15,123 - DEBUG - threading            Была вызвана функция process_message_from_server c параметрами (<__main__.Client object at 0x000001B9332C3910>,), {}. 
2022-04-18 21:21:15,123 - DEBUG - threading            Была вызвана функция users_interface c параметрами (<__main__.Client object at 0x000001B9332C3910>,), {}. 
2022-04-18 21:21:21,410 - DEBUG - client               Была вызвана функция presence_msg c параметрами ('test_1',), {}. 
2022-04-18 21:21:21,722 - DEBUG - client               Была вызвана функция process_response c параметрами ({'response': 200, 'sender': 'test_1', 'action': 'initial'},), {}. 
2022-04-18 21:21:21,722 - DEBUG - threading            Была вызвана функция process_message_from_server c параметрами (<__main__.Client object at 0x000001BD43A43910>,), {}. 
2022-04-18 21:21:21,722 - DEBUG - threading            Была вызвана функция users_interface c параметрами (<__main__.Client object at 0x000001BD43A43910>,), {}. 
2022-04-18 21:21:27,516 - DEBUG - client               Была вызвана функция add_contact c параметрами (<__main__.Client object at 0x000001B9332C3910>,), {}. 
2022-04-18 21:22:16,399 - DEBUG - client               Была вызвана функция presence_msg c параметрами ('test',), {}. 
2022-04-18 21:22:16,796 - DEBUG - client               Была вызвана функция process_response c параметрами ({'response': 200, 'sender': 'test', 'action': 'initial'},), {}. 
2022-04-18 21:22:16,797 - DEBUG - threading            Была вызвана функция process_message_from_server c параметрами (<__main__.Client object at 0x000001B6F0F73910>,), {}. 
2022-04-18 21:22:16,797 - DEBUG - threading            Была вызвана функция users_interface c параметрами (<__main__.Client object at 0x000001B6F0F73910>,), {}. 
2022-04-18 21:22:17,618 - DEBUG - client               Была вызвана функция presence_msg c параметрами ('test_1',), {}. 
2022-04-18 21:22:17,881 - DEBUG - client               Была вызвана функция process_response c параметрами ({'response': 200, 'sender': 'test_1', 'action': 'initial'},), {}. 
2022-04-18 21:22:17,881 - DEBUG - threading            Была вызвана функция process_message_from_server c параметрами (<__main__.Client object at 0x0000026A5CFE3910>,), {}. 
2022-04-18 21:22:17,882 - DEBUG - threading            Была вызвана функция users_interface c параметрами (<__main__.Client object at 0x0000026A5CFE3910>,), {}. 
2022-04-18 21:22:22,363 - DEBUG - client               Была вызвана функция add_contact c параметрами (<__main__.Client object at 0x000001B6F0F73910>,), {}. 
2022-04-18 21:23:28,045 - ERROR - threading            Функция users_interface с параметрами (<__main__.Client object at 0x000001B6F0F73910>,), {} выполнена с ошибкой.
2022-04-18 21:23:44,511 - DEBUG - client               Была вызвана функция presence_msg c параметрами ('test',), {}. 
2022-04-18 21:23:44,879 - DEBUG - client               Была вызвана функция process_response c параметрами ({'response': 200, 'sender': 'test', 'action': 'initial'},), {}. 
2022-04-18 21:23:44,880 - DEBUG - threading            Была вызвана функция process_message_from_server c параметрами (<__main__.Client object at 0x0000027606293910>,), {}. 
2022-04-18 21:23:44,880 - DEBUG - threading            Была вызвана функция users_interface c параметрами (<__main__.Client object at 0x0000027606293910>,), {}. 
2022-04-18 21:27:36,393 - DEBUG - client               Была вызвана функция presence_msg c параметрами ('test',), {}. 
2022-04-18 21:27:36,827 - DEBUG - client               Была вызвана функция process_response c параметрами ({'response': 200, 'sender': 'test', 'action': 'initial'},), {}. 
2022-04-18 21:27:36,828 - DEBUG - threading            Была вызвана функция process_message_from_server c параметрами (<__main__.Client object at 0x0000018B73253910>,), {}. 
2022-04-18 21:27:36,828 - DEBUG - threading            Была вызвана функция users_interface c параметрами (<__main__.Client object at 0x0000018B73253910>,), {}. 
2022-04-18 21:27:44,161 - DEBUG - client               Была вызвана функция presence_msg c параметрами ('test_1',), {}. 
2022-04-18 21:27:44,583 - DEBUG - client               Была вызвана функция process_response c параметрами ({'response': 200, 'sender': 'test_1', 'action': 'initial'},), {}. 
2022-04-18 21:27:44,583 - DEBUG - threading            Была вызвана функция process_message_from_server c параметрами (<__main__.Client object at 0x0000029ED4443910>,), {}. 
2022-04-18 21:27:44,584 - DEBUG - threading            Была вызвана функция users_interface c параметрами (<__main__.Client object at 0x0000029ED4443910>,), {}. 
2022-04-18 21:27:53,120 - DEBUG - client               Была вызвана функция add_contact c параметрами (<__main__.Client object at 0x0000018B73253910>,), {}. 
2022-04-18 21:29:02,608 - DEBUG - client               Была вызвана функция presence_msg c параметрами ('test',), {}. 
2022-04-18 21:29:02,860 - DEBUG - client               Была вызвана функция process_response c параметрами ({'response': 200, 'sender': 'test', 'action': 'initial'},), {}. 
2022-04-18 21:29:02,863 - DEBUG - threading            Была вызвана функция process_message_from_server c параметрами (<__main__.Client object at 0x000002A206A627C0>,), {}. 
2022-04-18 21:29:02,875 - DEBUG - threading            Была вызвана функция users_interface c параметрами (<__main__.Client object at 0x000002A206A627C0>,), {}. 
2022-04-18 21:29:08,305 - DEBUG - client               Была вызвана функция presence_msg c параметрами ('test_1',), {}. 
2022-04-18 21:29:08,573 - DEBUG - client               Была вызвана функция process_response c параметрами ({'response': 200, 'sender': 'test_1', 'action': 'initial'},), {}. 
2022-04-18 21:29:08,574 - DEBUG - threading            Была вызвана функция process_message_from_server c параметрами (<__main__.Client object at 0x0000020443D03910>,), {}. 
2022-04-18 21:29:08,574 - DEBUG - threading            Была вызвана функция users_interface c параметрами (<__main__.Client object at 0x0000020443D03910>,), {}. 
2022-04-18 21:29:12,787 - DEBUG - client               Была вызвана функция add_contact c параметрами (<__main__.Client object at 0x000002A206A627C0>,), {}. 
2022-04-18 21:29:28,592 - DEBUG - client               Была вызвана функция presence_msg c параметрами ('test',), {}. 
2022-04-18 21:29:28,960 - DEBUG - client               Была вызвана функция process_response c параметрами ({'response': 200, 'sender': 'test', 'action': 'initial'},), {}. 
2022-04-18 21:29:28,991 - DEBUG - threading            Была вызвана функция process_message_from_server c параметрами (<__main__.Client object at 0x0000029AF0360940>,), {}. 
2022-04-18 21:29:29,070 - DEBUG - threading            Была вызвана функция users_interface c параметрами (<__main__.Client object at 0x0000029AF0360940>,), {}. 
2022-04-18 21:29:37,519 - DEBUG - client               Была вызвана функция add_contact c параметрами (<__main__.Client object at 0x0000029AF0360940>,), {}. 
2022-04-18 21:30:15,604 - DEBUG - client               Была вызвана функция presence_msg c параметрами ('test',), {}. 
2022-04-18 21:31:05,165 - DEBUG - client               Была вызвана функция presence_msg c параметрами ('test',), {}. 
2022-04-18 21:31:05,420 - DEBUG - client               Была вызвана функция process_response c параметрами ({'response': 200, 'sender': 'test', 'action': 'initial'},), {}. 
2022-04-18 21:31:05,422 - DEBUG - threading            Была вызвана функция process_message_from_server c параметрами (<__main__.Client object at 0x0000016E6601FAC0>,), {}. 
2022-04-18 21:31:07,121 - DEBUG - threading            Была вызвана функция users_interface c параметрами (<__main__.Client object at 0x0000016E6601FAC0>,), {}. 
2022-04-18 21:31:14,690 - DEBUG - client               Была вызвана функция presence_msg c параметрами ('test_1',), {}. 
2022-04-18 21:31:15,045 - DEBUG - client               Была вызвана функция process_response c параметрами ({'response': 200, 'sender': 'test_1', 'action': 'initial'},), {}. 
2022-04-18 21:31:15,046 - DEBUG - threading            Была вызвана функция process_message_from_server c параметрами (<__main__.Client object at 0x000001BEA4583910>,), {}. 
2022-04-18 21:31:15,046 - DEBUG - threading            Была вызвана функция users_interface c параметрами (<__main__.Client object at 0x000001BEA4583910>,), {}. 
2022-04-18 21:31:21,651 - DEBUG - client               Была вызвана функция add_contact c параметрами (<__main__.Client object at 0x0000016E6601FAC0>,), {}. 
2022-04-18 21:34:09,854 - DEBUG - client               Была вызвана функция presence_msg c параметрами ('test',), {}. 
2022-04-18 21:34:10,299 - DEBUG - client               Была вызвана функция process_response c параметрами ({'response': 200, 'sender': 'test', 'action': 'initial'},), {}. 
2022-04-18 21:34:10,299 - DEBUG - threading            Была вызвана функция process_message_from_server c параметрами (<__main__.Client object at 0x000001AEB4033910>,), {}. 
2022-04-18 21:34:10,299 - DEBUG - threading            Была вызвана функция users_interface c параметрами (<__main__.Client object at 0x000001AEB4033910>,), {}. 
2022-04-18 21:34:12,391 - DEBUG - client               Была вызвана функция presence_msg c параметрами ('test_1',), {}. 
2022-04-18 21:34:12,572 - DEBUG - client               Была вызвана функция process_response c параметрами ({'response': 200, 'sender': 'test_1', 'action': 'initial'},), {}. 
2022-04-18 21:34:12,573 - DEBUG - threading            Была вызвана функция process_message_from_server c параметрами (<__main__.Client object at 0x00000265B7FB3910>,), {}. 
2022-04-18 21:34:12,573 - DEBUG - threading            Была вызвана функция users_interface c параметрами (<__main__.Client object at 0x00000265B7FB3910>,), {}. 
2022-04-18 21:34:19,033 - DEBUG - client               Была вызвана функция add_contact c параметрами (<__main__.Client object at 0x000001AEB4033910>,), {}. 
2022-04-18 21:39:41,197 - DEBUG - client               Была вызвана функция presence_msg c параметрами ('test',), {}. 
2022-04-18 21:39:41,427 - DEBUG - client               Была вызвана функция process_response c параметрами ({'response': 200, 'sender': 'test', 'action': 'initial'},), {}. 
2022-04-18 21:39:41,427 - DEBUG - threading            Была вызвана функция process_message_from_server c параметрами (<__main__.Client object at 0x000001C462A23910>,), {}. 
2022-04-18 21:39:41,427 - DEBUG - threading            Была вызвана функция users_interface c параметрами (<__main__.Client object at 0x000001C462A23910>,), {}. 
2022-04-18 21:39:43,807 - DEBUG - client               Была вызвана функция presence_msg c параметрами ('test_1',), {}. 
2022-04-18 21:39:44,087 - DEBUG - client               Была вызвана функция process_response c параметрами ({'response': 200, 'sender': 'test_1', 'action': 'initial'},), {}. 
2022-04-18 21:39:44,088 - DEBUG - threading            Была вызвана функция process_message_from_server c параметрами (<__main__.Client object at 0x0000028DFE763910>,), {}. 
2022-04-18 21:39:44,088 - DEBUG - threading            Была вызвана функция users_interface c параметрами (<__main__.Client object at 0x0000028DFE763910>,), {}. 
2022-04-18 21:39:47,570 - DEBUG - client               Была вызвана функция add_contact c параметрами (<__main__.Client object at 0x000001C462A23910>,), {}. 
2022-04-18 21:39:57,022 - DEBUG - client               Была вызвана функция add_contact c параметрами (<__main__.Client object at 0x000001C462A23910>,), {}. 
2022-04-18 21:40:06,452 - DEBUG - client               Была вызвана функция add_contact c параметрами (<__main__.Client object at 0x000001C462A23910>,), {}. 
2022-04-18 21:40:58,805 - DEBUG - client               Была вызвана функция presence_msg c параметрами ('test',), {}. 
2022-04-18 21:40:59,423 - DEBUG - client               Была вызвана функция process_response c параметрами ({'response': 200, 'sender': 'test', 'action': 'initial'},), {}. 
2022-04-18 21:40:59,424 - DEBUG - threading            Была вызвана функция process_message_from_server c параметрами (<__main__.Client object at 0x000001F8AD7A3910>,), {}. 
2022-04-18 21:40:59,424 - DEBUG - threading            Была вызвана функция users_interface c параметрами (<__main__.Client object at 0x000001F8AD7A3910>,), {}. 
2022-04-18 21:41:06,100 - DEBUG - client               Была вызвана функция presence_msg c параметрами ('test_1',), {}. 
2022-04-18 21:41:07,088 - DEBUG - client               Была вызвана функция process_response c параметрами ({'response': 200, 'sender': 'test_1', 'action': 'initial'},), {}. 
2022-04-18 21:41:07,088 - DEBUG - threading            Была вызвана функция process_message_from_server c параметрами (<__main__.Client object at 0x000001A97E5F3910>,), {}. 
2022-04-18 21:41:07,088 - DEBUG - threading            Была вызвана функция users_interface c параметрами (<__main__.Client object at 0x000001A97E5F3910>,), {}. 
2022-04-18 21:41:12,043 - DEBUG - client               Была вызвана функция add_contact c параметрами (<__main__.Client object at 0x000001F8AD7A3910>,), {}. 
2022-04-18 21:42:15,329 - DEBUG - client               Была вызвана функция presence_msg c параметрами ('test',), {}. 
2022-04-18 21:42:15,866 - DEBUG - client               Была вызвана функция process_response c параметрами ({'response': 200, 'sender': 'test', 'action': 'initial'},), {}. 
2022-04-18 21:42:15,867 - DEBUG - threading            Была вызвана функция process_message_from_server c параметрами (<__main__.Client object at 0x00000249CB683910>,), {}. 
2022-04-18 21:42:15,867 - DEBUG - threading            Была вызвана функция users_interface c параметрами (<__main__.Client object at 0x00000249CB683910>,), {}. 
2022-04-18 21:42:16,650 - DEBUG - client               Была вызвана функция presence_msg c параметрами ('test_1',), {}. 
2022-04-18 21:42:16,869 - DEBUG - client               Была вызвана функция process_response c параметрами ({'response': 200, 'sender': 'test_1', 'action': 'initial'},), {}. 
2022-04-18 21:42:16,869 - DEBUG - threading            Была вызвана функция process_message_from_server c параметрами (<__main__.Client object at 0x000001EC3AFA3910>,), {}. 
2022-04-18 21:42:16,869 - DEBUG - threading            Была вызвана функция users_interface c параметрами (<__main__.Client object at 0x000001EC3AFA3910>,), {}. 
2022-04-18 21:42:19,717 - DEBUG - client               Была вызвана функция add_contact c параметрами (<__main__.Client object at 0x00000249CB683910>,), {}. 
2022-04-18 21:42:36,978 - DEBUG - client               Была вызвана функция add_contact c параметрами (<__main__.Client object at 0x00000249CB683910>,), {}. 
2022-04-18 21:42:57,149 - DEBUG - client               Была вызвана функция add_contact c параметрами (<__main__.Client object at 0x00000249CB683910>,), {}. 
2022-04-18 21:43:21,554 - DEBUG - client               Была вызвана функция add_contact c параметрами (<__main__.Client object at 0x000001EC3AFA3910>,), {}. 
2022-04-18 21:53:44,100 - DEBUG - client               Была вызвана функция presence_msg c параметрами ('test',), {}. 
2022-04-18 21:53:44,375 - DEBUG - client               Была вызвана функция process_response c параметрами ({'response': 200, 'sender': 'test', 'action': 'initial'},), {}. 
2022-04-18 21:53:44,375 - DEBUG - threading            Была вызвана функция process_message_from_server c параметрами (<__main__.Client object at 0x000001C3D68C1BB0>,), {}. 
2022-04-18 21:53:44,375 - DEBUG - threading            Была вызвана функция users_interface c параметрами (<__main__.Client object at 0x000001C3D68C1BB0>,), {}. 
2022-04-18 21:53:53,403 - DEBUG - client               Была вызвана функция presence_msg c параметрами ('test_1',), {}. 
2022-04-18 21:53:53,739 - DEBUG - client               Была вызвана функция process_response c параметрами ({'response': 200, 'sender': 'test_1', 'action': 'initial'},), {}. 
2022-04-18 21:53:53,740 - DEBUG - threading            Была вызвана функция process_message_from_server c параметрами (<__main__.Client object at 0x000001AC78101BB0>,), {}. 
2022-04-18 21:53:53,740 - DEBUG - threading            Была вызвана функция users_interface c параметрами (<__main__.Client object at 0x000001AC78101BB0>,), {}. 
2022-04-18 21:53:57,392 - DEBUG - client               Была вызвана функция change_contacts c параметрами (<__main__.Client object at 0x000001C3D68C1BB0>,), {}. 
2022-04-18 21:54:10,378 - DEBUG - client               Была вызвана функция change_contacts c параметрами (<__main__.Client object at 0x000001C3D68C1BB0>,), {}. 
